<?xml version="1.0" encoding="UTF-8"?>
<!-- Generated by org.testng.reporters.JUnitReportReporter -->
<testsuite hostname="LAPTOP-SIUVM6KC" failures="0" tests="1" name="com.omrbranch.baseclass.DataDrivenConcept" time="17.106" errors="0" timestamp="2024-12-13T09:23:36 IST" skipped="0">
  <testcase classname="com.omrbranch.baseclass.DataDrivenConcept" name="datadriven" time="17.106"/>
  <system-out/>
</testsuite> <!-- com.omrbranch.baseclass.DataDrivenConcept -->
